============================= test session starts ==============================
platform linux -- Python 3.6.3, pytest-3.7.0, py-1.5.2, pluggy-0.7.1 -- /home/travis/virtualenv/python3.6.3/bin/python
cachedir: .pytest_cache
rootdir: /home/travis/build/Fondamenti18/fondamenti-di-programmazione/students/1562171/homework01, inifile:
plugins: timeout-1.3.1, json-0.4.0
timeout: 10.0s
timeout method: signal
timeout func_only: False
collecting ... collected 14 items

grade02.py::Test::test_program_1 PASSED                                  [  7%]
grade02.py::Test::test_program_10 PASSED                                 [ 14%]
grade02.py::Test::test_program_11 FAILED                                 [ 21%]
grade02.py::Test::test_program_12 FAILED                                 [ 28%]
grade02.py::Test::test_program_13 FAILED                                 [ 35%]
grade02.py::Test::test_program_14 PASSED                                 [ 42%]
grade02.py::Test::test_program_2 PASSED                                  [ 50%]
grade02.py::Test::test_program_3 PASSED                                  [ 57%]
grade02.py::Test::test_program_4 PASSED                                  [ 64%]
grade02.py::Test::test_program_5 PASSED                                  [ 71%]
grade02.py::Test::test_program_6 FAILED                                  [ 78%]
grade02.py::Test::test_program_7 PASSED                                  [ 85%]
grade02.py::Test::test_program_8 PASSED                                  [ 92%]
grade02.py::Test::test_program_9 PASSED                                  [100%]

=================================== FAILURES ===================================
_____________________________ Test.test_program_11 _____________________________

self = <grade02.Test testMethod=test_program_11>

    def test_program_11(self):
        'elisioni sessanta-otto, cinquanta-otto, quaranta-otto, trenta-otto'
        num      = 68258148238
        expected = 'sessantottomiliardiduecentocinquantottomilionicentoquarantottomiladuecentotrentotto'
>       return self.dotest02(num, expected)

grade02.py:82: 
_ _ _ _ _ _ _ _ _ _ _ _ _ _ _ _ _ _ _ _ _ _ _ _ _ _ _ _ _ _ _ _ _ _ _ _ _ _ _ _ 
grade02.py:13: in dotest02
    self.__check(ret,   expected_result, orig, 'return')
grade02.py:110: in __check
    self.assertEqual(value, expected, msg)
E   AssertionError: 'sessantaottomiliardiduecentocinquantottomilionic[33 chars]otto' != 'sessantottomiliardiduecentocinquantottomilionice[31 chars]otto'
E   - sessantaottomiliardiduecentocinquantottomilionicentoquarantaottomiladuecentotrentotto
E   ?        -                                                   -
E   + sessantottomiliardiduecentocinquantottomilionicentoquarantottomiladuecentotrentotto
E    : 	when input=(68258148238,) 
E   		'sessantaottomiliardiduecentocinquantottomilionicentoquarantaottomiladuecentotrentotto' != 'sessantottomiliardiduecentocinquantottomilionicentoquarantottomiladuecentotrentotto'	<- correct return value
_____________________________ Test.test_program_12 _____________________________

self = <grade02.Test testMethod=test_program_12>

    def test_program_12(self):
        'elisioni ottanta-uno,settanta-uno,novanta-uno, venti-uno'
        num      = 81071091021
        expected = 'ottantunomiliardisettantunomilioninovantunomilaventuno'
>       return self.dotest02(num, expected)

grade02.py:88: 
_ _ _ _ _ _ _ _ _ _ _ _ _ _ _ _ _ _ _ _ _ _ _ _ _ _ _ _ _ _ _ _ _ _ _ _ _ _ _ _ 
grade02.py:13: in dotest02
    self.__check(ret,   expected_result, orig, 'return')
grade02.py:110: in __check
    self.assertEqual(value, expected, msg)
E   AssertionError: 'ottantaunomiliardisettantunomilioninovantaunomilaventuno' != 'ottantunomiliardisettantunomilioninovantunomilaventuno'
E   - ottantaunomiliardisettantunomilioninovantaunomilaventuno
E   ?       -                                  -
E   + ottantunomiliardisettantunomilioninovantunomilaventuno
E    : 	when input=(81071091021,) 
E   		'ottantaunomiliardisettantunomilioninovantaunomilaventuno' != 'ottantunomiliardisettantunomilioninovantunomilaventuno'	<- correct return value
_____________________________ Test.test_program_13 _____________________________

self = <grade02.Test testMethod=test_program_13>

    def test_program_13(self):
        'numeri speciali tra 10 e 20'
        num      = 11012013014
        expected = 'undicimiliardidodicimilionitredicimilaquattordici'
>       return self.dotest02(num, expected)

grade02.py:94: 
_ _ _ _ _ _ _ _ _ _ _ _ _ _ _ _ _ _ _ _ _ _ _ _ _ _ _ _ _ _ _ _ _ _ _ _ _ _ _ _ 
grade02.py:13: in dotest02
    self.__check(ret,   expected_result, orig, 'return')
grade02.py:110: in __check
    self.assertEqual(value, expected, msg)
E   AssertionError: 'undicidieciduemilionitrediciquattordici' != 'undicimiliardidodicimilionitredicimilaquattordici'
E   - undicidieciduemilionitrediciquattordici
E   ?         ^  ---
E   + undicimiliardidodicimilionitredicimilaquattordici
E   ?       ++++++  ^^^^                ++++
E    : 	when input=(11012013014,) 
E   		'undicidieciduemilionitrediciquattordici' != 'undicimiliardidodicimilionitredicimilaquattordici'	<- correct return value
_____________________________ Test.test_program_6 ______________________________

self = <grade02.Test testMethod=test_program_6>

    def test_program_6(self):
        "non-elisione del mille e elisione di 80"
        num      = 17081
        expected = 'diciassettemilaottantuno'
>       return self.dotest02(num, expected)

grade02.py:52: 
_ _ _ _ _ _ _ _ _ _ _ _ _ _ _ _ _ _ _ _ _ _ _ _ _ _ _ _ _ _ _ _ _ _ _ _ _ _ _ _ 
grade02.py:13: in dotest02
    self.__check(ret,   expected_result, orig, 'return')
grade02.py:110: in __check
    self.assertEqual(value, expected, msg)
E   AssertionError: 'diciassetteottantuno' != 'diciassettemilaottantuno'
E   - diciassetteottantuno
E   + diciassettemilaottantuno
E   ?            ++++
E    : 	when input=(17081,) 
E   		'diciassetteottantuno' != 'diciassettemilaottantuno'	<- correct return value
 generated json report: /home/travis/build/Fondamenti18/fondamenti-di-programmazione/students/1562171/homework01/program02.log.json 
===================== 4 failed, 10 passed in 0.16 seconds ======================
