{"report": {"environment": {"Python": "3.6.3", "Platform": "Linux-4.14.12-041412-generic-x86_64-with-debian-jessie-sid"}, "tests": [{"name": "grade02.py::Test::test_program_1", "duration": 0.003416776657104492, "run_index": 0, "setup": {"name": "setup", "duration": 0.0014617443084716797, "outcome": "passed"}, "call": {"name": "call", "duration": 0.0002827644348144531, "outcome": "passed"}, "teardown": {"name": "teardown", "duration": 0.0002105236053466797, "outcome": "passed"}, "outcome": "passed"}, {"name": "grade02.py::Test::test_program_10", "duration": 0.0011022090911865234, "run_index": 1, "setup": {"name": "setup", "duration": 0.00026535987854003906, "outcome": "passed"}, "call": {"name": "call", "duration": 0.00037860870361328125, "outcome": "passed"}, "teardown": {"name": "teardown", "duration": 0.00019288063049316406, "outcome": "passed"}, "outcome": "passed"}, {"name": "grade02.py::Test::test_program_11", "duration": 0.0009562969207763672, "run_index": 2, "setup": {"name": "setup", "duration": 0.00026035308837890625, "outcome": "passed"}, "call": {"name": "call", "duration": 0.0002448558807373047, "outcome": "passed"}, "teardown": {"name": "teardown", "duration": 0.00019073486328125, "outcome": "passed"}, "outcome": "passed"}, {"name": "grade02.py::Test::test_program_12", "duration": 0.001005411148071289, "run_index": 3, "setup": {"name": "setup", "duration": 0.00026106834411621094, "outcome": "passed"}, "call": {"name": "call", "duration": 0.00024008750915527344, "outcome": "passed"}, "teardown": {"name": "teardown", "duration": 0.00024318695068359375, "outcome": "passed"}, "outcome": "passed"}, {"name": "grade02.py::Test::test_program_13", "duration": 0.0009417533874511719, "run_index": 4, "setup": {"name": "setup", "duration": 0.0002601146697998047, "outcome": "passed"}, "call": {"name": "call", "duration": 0.00023221969604492188, "outcome": "passed"}, "teardown": {"name": "teardown", "duration": 0.00018930435180664062, "outcome": "passed"}, "outcome": "passed"}, {"name": "grade02.py::Test::test_program_14", "duration": 0.0010683536529541016, "run_index": 5, "setup": {"name": "setup", "duration": 0.0002586841583251953, "outcome": "passed"}, "call": {"name": "call", "duration": 0.0002856254577636719, "outcome": "failed", "longrepr": "self = <grade02.Test testMethod=test_program_14>\n\n    def test_program_14(self):\n        'numero massimo da convertire'\n        num      = 99999999999\n        expected = 'novantanovemiliardinovecentonovantanovemilioninovecentonovantanovemilanovecentonovantanove'\n>       return self.dotest02(num, expected)\n\ngrade02.py:100: \n_ _ _ _ _ _ _ _ _ _ _ _ _ _ _ _ _ _ _ _ _ _ _ _ _ _ _ _ _ _ _ _ _ _ _ _ _ _ _ _ \ngrade02.py:12: in dotest02\n    ret  = program.conv(*args)\nprogram02.py:67: in conv\n    fine=conv1000(n%1000)\n_ _ _ _ _ _ _ _ _ _ _ _ _ _ _ _ _ _ _ _ _ _ _ _ _ _ _ _ _ _ _ _ _ _ _ _ _ _ _ _ \n\nn = 999\n\n    def conv1000(n):\n        if n<100:\n            return conv100(n)\n        if n==100:\n            return d[n]\n        if n%100==0:\n            return conv100(n//100)+'cento'\n        if n>100 and n<200:\n            return 'cento'+conv100(n%100)\n        if n>200 and n<1000:\n>           return conv100(n//100)+'cento'+conv100(n%100)\nE           TypeError: must be str, not NoneType\n\nprogram02.py:61: TypeError"}, "teardown": {"name": "teardown", "duration": 0.00026535987854003906, "outcome": "passed"}, "outcome": "failed"}, {"name": "grade02.py::Test::test_program_2", "duration": 0.0010437965393066406, "run_index": 6, "setup": {"name": "setup", "duration": 0.00029969215393066406, "outcome": "passed"}, "call": {"name": "call", "duration": 0.0002524852752685547, "outcome": "passed"}, "teardown": {"name": "teardown", "duration": 0.0001919269561767578, "outcome": "passed"}, "outcome": "passed"}, {"name": "grade02.py::Test::test_program_3", "duration": 0.0009469985961914062, "run_index": 7, "setup": {"name": "setup", "duration": 0.0002605915069580078, "outcome": "passed"}, "call": {"name": "call", "duration": 0.0002288818359375, "outcome": "passed"}, "teardown": {"name": "teardown", "duration": 0.00019693374633789062, "outcome": "passed"}, "outcome": "passed"}, {"name": "grade02.py::Test::test_program_4", "duration": 0.0009379386901855469, "run_index": 8, "setup": {"name": "setup", "duration": 0.0002601146697998047, "outcome": "passed"}, "call": {"name": "call", "duration": 0.0002276897430419922, "outcome": "passed"}, "teardown": {"name": "teardown", "duration": 0.0001900196075439453, "outcome": "passed"}, "outcome": "passed"}, {"name": "grade02.py::Test::test_program_5", "duration": 0.0009486675262451172, "run_index": 9, "setup": {"name": "setup", "duration": 0.0002651214599609375, "outcome": "passed"}, "call": {"name": "call", "duration": 0.00023031234741210938, "outcome": "passed"}, "teardown": {"name": "teardown", "duration": 0.0001881122589111328, "outcome": "passed"}, "outcome": "passed"}, {"name": "grade02.py::Test::test_program_6", "duration": 0.0010535717010498047, "run_index": 10, "setup": {"name": "setup", "duration": 0.0003085136413574219, "outcome": "passed"}, "call": {"name": "call", "duration": 0.0002338886260986328, "outcome": "passed"}, "teardown": {"name": "teardown", "duration": 0.00020265579223632812, "outcome": "passed"}, "outcome": "passed"}, {"name": "grade02.py::Test::test_program_7", "duration": 0.001482248306274414, "run_index": 11, "setup": {"name": "setup", "duration": 0.0002613067626953125, "outcome": "passed"}, "call": {"name": "call", "duration": 0.0006844997406005859, "outcome": "failed", "longrepr": "self = <grade02.Test testMethod=test_program_7>\n\n    def test_program_7(self):\n        \"numero grande con molte elisioni e non-elisioni\"\n        num      = 981008818\n        expected = 'novecentottantunomilioniottomilaottocentodiciotto'\n>       return self.dotest02(num, expected)\n\ngrade02.py:58: \n_ _ _ _ _ _ _ _ _ _ _ _ _ _ _ _ _ _ _ _ _ _ _ _ _ _ _ _ _ _ _ _ _ _ _ _ _ _ _ _ \ngrade02.py:13: in dotest02\n    self.__check(ret,   expected_result, orig, 'return')\ngrade02.py:110: in __check\n    self.assertEqual(value, expected, msg)\nE   AssertionError: 'novecentoottantunomilioniottomilaottocentodiciotto' != 'novecentottantunomilioniottomilaottocentodiciotto'\nE   - novecentoottantunomilioniottomilaottocentodiciotto\nE   ?         -\nE   + novecentottantunomilioniottomilaottocentodiciotto\nE    : \twhen input=(981008818,) \nE   \t\t'novecentoottantunomilioniottomilaottocentodiciotto' != 'novecentottantunomilioniottomilaottocentodiciotto'\t<- correct return value"}, "teardown": {"name": "teardown", "duration": 0.0002751350402832031, "outcome": "passed"}, "outcome": "failed"}, {"name": "grade02.py::Test::test_program_8", "duration": 0.0019404888153076172, "run_index": 12, "setup": {"name": "setup", "duration": 0.00030303001403808594, "outcome": "passed"}, "call": {"name": "call", "duration": 0.001056671142578125, "outcome": "failed", "longrepr": "self = <grade02.Test testMethod=test_program_8>\n\n    def test_program_8(self):\n        \"elisioni 800-80 e 80-8\"\n        num      = 888888888\n        expected = 'ottocentottantottomilioniottocentottantottomilaottocentottantotto'\n>       return self.dotest02(num, expected)\n\ngrade02.py:64: \n_ _ _ _ _ _ _ _ _ _ _ _ _ _ _ _ _ _ _ _ _ _ _ _ _ _ _ _ _ _ _ _ _ _ _ _ _ _ _ _ \ngrade02.py:13: in dotest02\n    self.__check(ret,   expected_result, orig, 'return')\ngrade02.py:110: in __check\n    self.assertEqual(value, expected, msg)\nE   AssertionError: 'ottocentoottantottomilioniottocentoottantottomilaottocentoottantotto' != 'ottocentottantottomilioniottocentottantottomilaottocentottantotto'\nE   - ottocentoottantottomilioniottocentoottantottomilaottocentoottantotto\nE   ?         -                          -                      -\nE   + ottocentottantottomilioniottocentottantottomilaottocentottantotto\nE    : \twhen input=(888888888,) \nE   \t\t'ottocentoottantottomilioniottocentoottantottomilaottocentoottantotto' != 'ottocentottantottomilioniottocentottantottomilaottocentottantotto'\t<- correct return value"}, "teardown": {"name": "teardown", "duration": 0.0002777576446533203, "outcome": "passed"}, "outcome": "failed"}, {"name": "grade02.py::Test::test_program_9", "duration": 0.0014233589172363281, "run_index": 13, "setup": {"name": "setup", "duration": 0.0003032684326171875, "outcome": "passed"}, "call": {"name": "call", "duration": 0.0002655982971191406, "outcome": "passed"}, "teardown": {"name": "teardown", "duration": 0.0005512237548828125, "outcome": "passed"}, "outcome": "passed"}], "summary": {"passed": 11, "failed": 3, "num_tests": 14, "duration": 0.11939883232116699}, "created_at": "2018-08-01 00:30:04.565110"}}